<?xml version="1.0" encoding="UTF-8"?>
<robot generator="Robot 4.0.2 (Python 3.9.2 on win32)" generated="20210528 20:02:54.123" rpa="false" schemaversion="2">
<suite id="s1" name="Tests" source="C:\Users\admin\PycharmProjects\notr_ihm\tests">
<suite id="s1-s1" name="Main" source="C:\Users\admin\PycharmProjects\notr_ihm\tests\main.robot">
<kw name="Begin Web Test" library="common" type="SETUP">
<kw name="Open Browser" library="SeleniumLibrary">
<arg>${GOOGLE_URL}</arg>
<arg>${BROWSER}</arg>
<doc>Opens a new browser instance to the optional ``url``.</doc>
<msg timestamp="20210528 20:02:54.556" level="INFO">Opening browser 'firefox' to base url 'https://rosangeluxury.fr/'.</msg>
<msg timestamp="20210528 20:02:54.556" level="INFO">Firefox driver log is always forced to to: C:\Users\admin\PycharmProjects\notr_ihm\results\geckodriver-2.log</msg>
<status status="PASS" starttime="20210528 20:02:54.556" endtime="20210528 20:03:45.493"/>
</kw>
<kw name="Maximize Browser Window" library="SeleniumLibrary">
<doc>Maximizes current browser window.</doc>
<status status="PASS" starttime="20210528 20:03:45.493" endtime="20210528 20:03:45.508"/>
</kw>
<status status="PASS" starttime="20210528 20:02:54.556" endtime="20210528 20:03:45.508"/>
</kw>
<test id="s1-s1-t1" name="Voir Produit Disponibles">
<kw name="Charger la Page web" library="PageAccueil">
<kw name="Go To" library="SeleniumLibrary">
<arg>${GOOGLE_URL}</arg>
<doc>Navigates the current browser window to the provided ``url``.</doc>
<msg timestamp="20210528 20:03:45.508" level="INFO">Opening url 'https://rosangeluxury.fr/'</msg>
<status status="PASS" starttime="20210528 20:03:45.508" endtime="20210528 20:03:50.169"/>
</kw>
<kw name="Wait Until Page Contains" library="SeleniumLibrary">
<arg>Total</arg>
<arg>500</arg>
<doc>Waits until ``text`` appears on the current page.</doc>
<status status="PASS" starttime="20210528 20:03:50.169" endtime="20210528 20:03:50.222"/>
</kw>
<status status="PASS" starttime="20210528 20:03:45.508" endtime="20210528 20:03:50.222"/>
</kw>
<kw name="Rechecher le produit" library="PageAccueil">
<kw name="Clear Element Text" library="SeleniumLibrary">
<arg>xpath=//*[@id="woocommerce-product-search-field-0"]</arg>
<doc>Clears the value of the text-input-element identified by ``locator``.</doc>
<status status="PASS" starttime="20210528 20:03:50.222" endtime="20210528 20:03:50.254"/>
</kw>
<kw name="Input Text" library="SeleniumLibrary">
<arg>xpath=//*[@id="woocommerce-product-search-field-0"]</arg>
<arg>robe</arg>
<doc>Types the given ``text`` into the text field identified by ``locator``.</doc>
<msg timestamp="20210528 20:03:50.254" level="INFO">Typing text 'robe' into text field 'xpath=//*[@id="woocommerce-product-search-field-0"]'.</msg>
<status status="PASS" starttime="20210528 20:03:50.254" endtime="20210528 20:03:50.307"/>
</kw>
<kw name="Click Element" library="SeleniumLibrary">
<arg>xpath=/html/body/div[2]/header[1]/div/div[1]/div/div/div[2]/div/div[1]/form/div/button</arg>
<doc>Click the element identified by ``locator``.</doc>
<msg timestamp="20210528 20:03:50.307" level="INFO">Clicking element 'xpath=/html/body/div[2]/header[1]/div/div[1]/div/div/div[2]/div/div[1]/form/div/button'.</msg>
<status status="PASS" starttime="20210528 20:03:50.307" endtime="20210528 20:03:53.930"/>
</kw>
<kw name="Wait Until Page Contains" library="SeleniumLibrary">
<arg>Affichage de</arg>
<arg>500</arg>
<doc>Waits until ``text`` appears on the current page.</doc>
<status status="PASS" starttime="20210528 20:03:53.930" endtime="20210528 20:03:53.946"/>
</kw>
<status status="PASS" starttime="20210528 20:03:50.222" endtime="20210528 20:03:53.946"/>
</kw>
<status status="PASS" starttime="20210528 20:03:45.508" endtime="20210528 20:03:53.946"/>
</test>
<test id="s1-s1-t2" name="Choisir son produit">
<kw name="Choisir Produit Interessant" library="PageProduit">
<kw name="Click Element" library="SeleniumLibrary">
<arg>xpath=/html/body/div[2]/div[2]/div/div[2]/div/div/div/div/div/div/div[2]/ul/li[1]/div/div[1]/a</arg>
<doc>Click the element identified by ``locator``.</doc>
<msg timestamp="20210528 20:03:53.952" level="INFO">Clicking element 'xpath=/html/body/div[2]/div[2]/div/div[2]/div/div/div/div/div/div/div[2]/ul/li[1]/div/div[1]/a'.</msg>
<status status="PASS" starttime="20210528 20:03:53.952" endtime="20210528 20:04:05.572"/>
</kw>
<kw name="Wait Until Page Contains" library="SeleniumLibrary">
<arg>Robe de</arg>
<arg>100</arg>
<doc>Waits until ``text`` appears on the current page.</doc>
<status status="PASS" starttime="20210528 20:04:05.572" endtime="20210528 20:04:05.604"/>
</kw>
<status status="PASS" starttime="20210528 20:03:53.952" endtime="20210528 20:04:05.604"/>
</kw>
<kw name="Choisir taille cable" library="PageProduit">
<kw name="Select From List By Label" library="SeleniumLibrary">
<arg>xpath=//*[@id="taille"]</arg>
<arg>S</arg>
<doc>Selects options from selection list ``locator`` by ``labels``.</doc>
<msg timestamp="20210528 20:04:05.604" level="INFO">Selecting options from selection list 'xpath=//*[@id="taille"]' by label S.</msg>
<status status="PASS" starttime="20210528 20:04:05.604" endtime="20210528 20:04:06.020"/>
</kw>
<kw name="Wait Until Page Contains" library="SeleniumLibrary">
<arg>Effacer</arg>
<arg>100</arg>
<doc>Waits until ``text`` appears on the current page.</doc>
<status status="PASS" starttime="20210528 20:04:06.020" endtime="20210528 20:04:06.042"/>
</kw>
<status status="PASS" starttime="20210528 20:04:05.604" endtime="20210528 20:04:06.042"/>
</kw>
<kw name="Ajouter au panier" library="PageProduit">
<kw name="Click Element" library="SeleniumLibrary">
<arg>xpath=/html/body/div[2]/div[2]/div/div/div/div/div/div/div/div/div[2]/div[2]/form/div/div[2]/button[3]</arg>
<doc>Click the element identified by ``locator``.</doc>
<msg timestamp="20210528 20:04:06.042" level="INFO">Clicking element 'xpath=/html/body/div[2]/div[2]/div/div/div/div/div/div/div/div/div[2]/div[2]/form/div/div[2]/button[3]'.</msg>
<status status="PASS" starttime="20210528 20:04:06.042" endtime="20210528 20:04:10.432"/>
</kw>
<kw name="Wait Until Page Contains" library="SeleniumLibrary">
<arg>a été ajouté à votre panier</arg>
<arg>500</arg>
<doc>Waits until ``text`` appears on the current page.</doc>
<status status="PASS" starttime="20210528 20:04:10.432" endtime="20210528 20:04:10.485"/>
</kw>
<status status="PASS" starttime="20210528 20:04:06.042" endtime="20210528 20:04:10.485"/>
</kw>
<status status="PASS" starttime="20210528 20:03:53.952" endtime="20210528 20:04:10.485"/>
</test>
<test id="s1-s1-t3" name="Voir le panier">
<kw name="Inspecter panier" library="panier">
<kw name="Click Element" library="SeleniumLibrary">
<arg>xpath=/html/body/div[2]/div[2]/div/div/div/div/div/div/div/div/div[1]/div/a</arg>
<doc>Click the element identified by ``locator``.</doc>
<msg timestamp="20210528 20:04:10.501" level="INFO">Clicking element 'xpath=/html/body/div[2]/div[2]/div/div/div/div/div/div/div/div/div[1]/div/a'.</msg>
<status status="PASS" starttime="20210528 20:04:10.501" endtime="20210528 20:04:15.280"/>
</kw>
<kw name="Wait Until Page Contains" library="SeleniumLibrary">
<arg>Panier</arg>
<arg>100</arg>
<doc>Waits until ``text`` appears on the current page.</doc>
<status status="PASS" starttime="20210528 20:04:15.280" endtime="20210528 20:04:15.312"/>
</kw>
<kw name="Click Element" library="SeleniumLibrary">
<arg>xpath=/html/body/div[1]/div[2]/div/div[2]/div/div/div/main/article/div/div/div[2]/div/div/a</arg>
<doc>Click the element identified by ``locator``.</doc>
<msg timestamp="20210528 20:04:15.312" level="INFO">Clicking element 'xpath=/html/body/div[1]/div[2]/div/div[2]/div/div/div/main/article/div/div/div[2]/div/div/a'.</msg>
<status status="PASS" starttime="20210528 20:04:15.312" endtime="20210528 20:04:20.424"/>
</kw>
<kw name="Wait Until Page Contains" library="SeleniumLibrary">
<arg>politique de confidentialité</arg>
<arg>100</arg>
<doc>Waits until ``text`` appears on the current page.</doc>
<status status="PASS" starttime="20210528 20:04:20.424" endtime="20210528 20:04:20.508"/>
</kw>
<status status="PASS" starttime="20210528 20:04:10.501" endtime="20210528 20:04:20.508"/>
</kw>
<status status="PASS" starttime="20210528 20:04:10.485" endtime="20210528 20:04:20.508"/>
</test>
<test id="s1-s1-t4" name="Commander">
<kw name="Passer la commande" library="panier">
<kw name="Clear Element Text" library="SeleniumLibrary">
<arg>xpath=//*[@id="billing_first_name"]</arg>
<doc>Clears the value of the text-input-element identified by ``locator``.</doc>
<status status="PASS" starttime="20210528 20:04:20.508" endtime="20210528 20:04:20.540"/>
</kw>
<kw name="Input Text" library="SeleniumLibrary">
<arg>xpath=//*[@id="billing_first_name"]</arg>
<arg>Sal</arg>
<doc>Types the given ``text`` into the text field identified by ``locator``.</doc>
<msg timestamp="20210528 20:04:20.540" level="INFO">Typing text 'Sal' into text field 'xpath=//*[@id="billing_first_name"]'.</msg>
<status status="PASS" starttime="20210528 20:04:20.540" endtime="20210528 20:04:20.593"/>
</kw>
<kw name="Clear Element Text" library="SeleniumLibrary">
<arg>xpath=//*[@id="billing_last_name"]</arg>
<doc>Clears the value of the text-input-element identified by ``locator``.</doc>
<status status="PASS" starttime="20210528 20:04:20.609" endtime="20210528 20:04:20.624"/>
</kw>
<kw name="Input Text" library="SeleniumLibrary">
<arg>xpath=//*[@id="billing_last_name"]</arg>
<arg>BON NGUI</arg>
<doc>Types the given ``text`` into the text field identified by ``locator``.</doc>
<msg timestamp="20210528 20:04:20.624" level="INFO">Typing text 'BON NGUI' into text field 'xpath=//*[@id="billing_last_name"]'.</msg>
<status status="PASS" starttime="20210528 20:04:20.624" endtime="20210528 20:04:20.693"/>
</kw>
<kw name="Clear Element Text" library="SeleniumLibrary">
<arg>xpath=//*[@id="billing_company"]</arg>
<doc>Clears the value of the text-input-element identified by ``locator``.</doc>
<status status="PASS" starttime="20210528 20:04:20.693" endtime="20210528 20:04:20.709"/>
</kw>
<kw name="Input Text" library="SeleniumLibrary">
<arg>xpath=//*[@id="billing_company"]</arg>
<arg>sng service</arg>
<doc>Types the given ``text`` into the text field identified by ``locator``.</doc>
<msg timestamp="20210528 20:04:20.709" level="INFO">Typing text 'sng service' into text field 'xpath=//*[@id="billing_company"]'.</msg>
<status status="PASS" starttime="20210528 20:04:20.709" endtime="20210528 20:04:20.809"/>
</kw>
<kw name="Clear Element Text" library="SeleniumLibrary">
<arg>xpath=//*[@id="billing_address_1"]</arg>
<doc>Clears the value of the text-input-element identified by ``locator``.</doc>
<status status="PASS" starttime="20210528 20:04:20.809" endtime="20210528 20:04:20.825"/>
</kw>
<kw name="Input Text" library="SeleniumLibrary">
<arg>xpath=//*[@id="billing_address_1"]</arg>
<arg>2 rue des affaires</arg>
<doc>Types the given ``text`` into the text field identified by ``locator``.</doc>
<msg timestamp="20210528 20:04:20.825" level="INFO">Typing text '2 rue des affaires' into text field 'xpath=//*[@id="billing_address_1"]'.</msg>
<status status="PASS" starttime="20210528 20:04:20.825" endtime="20210528 20:04:20.925"/>
</kw>
<kw name="Clear Element Text" library="SeleniumLibrary">
<arg>xpath=//*[@id="billing_address_2"]</arg>
<doc>Clears the value of the text-input-element identified by ``locator``.</doc>
<status status="PASS" starttime="20210528 20:04:20.925" endtime="20210528 20:04:20.956"/>
</kw>
<kw name="Input Text" library="SeleniumLibrary">
<arg>xpath=//*[@id="billing_address_2"]</arg>
<arg>etage 2</arg>
<doc>Types the given ``text`` into the text field identified by ``locator``.</doc>
<msg timestamp="20210528 20:04:20.956" level="INFO">Typing text 'etage 2' into text field 'xpath=//*[@id="billing_address_2"]'.</msg>
<status status="PASS" starttime="20210528 20:04:20.956" endtime="20210528 20:04:21.025"/>
</kw>
<kw name="Clear Element Text" library="SeleniumLibrary">
<arg>xpath=//*[@id="billing_postcode"]</arg>
<doc>Clears the value of the text-input-element identified by ``locator``.</doc>
<status status="PASS" starttime="20210528 20:04:21.025" endtime="20210528 20:04:21.079"/>
</kw>
<kw name="Input Text" library="SeleniumLibrary">
<arg>xpath=//*[@id="billing_postcode"]</arg>
<arg>35000</arg>
<doc>Types the given ``text`` into the text field identified by ``locator``.</doc>
<msg timestamp="20210528 20:04:21.094" level="INFO">Typing text '35000' into text field 'xpath=//*[@id="billing_postcode"]'.</msg>
<status status="PASS" starttime="20210528 20:04:21.094" endtime="20210528 20:04:21.141"/>
</kw>
<kw name="Clear Element Text" library="SeleniumLibrary">
<arg>xpath=//*[@id="billing_city"]</arg>
<doc>Clears the value of the text-input-element identified by ``locator``.</doc>
<status status="PASS" starttime="20210528 20:04:21.141" endtime="20210528 20:04:21.179"/>
</kw>
<kw name="Input Text" library="SeleniumLibrary">
<arg>xpath=//*[@id="billing_city"]</arg>
<arg>Paris</arg>
<doc>Types the given ``text`` into the text field identified by ``locator``.</doc>
<msg timestamp="20210528 20:04:21.179" level="INFO">Typing text 'Paris' into text field 'xpath=//*[@id="billing_city"]'.</msg>
<status status="PASS" starttime="20210528 20:04:21.179" endtime="20210528 20:04:21.226"/>
</kw>
<kw name="Clear Element Text" library="SeleniumLibrary">
<arg>xpath=//*[@id="billing_phone"]</arg>
<doc>Clears the value of the text-input-element identified by ``locator``.</doc>
<status status="PASS" starttime="20210528 20:04:21.241" endtime="20210528 20:04:21.257"/>
</kw>
<kw name="Input Text" library="SeleniumLibrary">
<arg>xpath=//*[@id="billing_phone"]</arg>
<arg>0611456790</arg>
<doc>Types the given ``text`` into the text field identified by ``locator``.</doc>
<msg timestamp="20210528 20:04:21.257" level="INFO">Typing text '0611456790' into text field 'xpath=//*[@id="billing_phone"]'.</msg>
<status status="PASS" starttime="20210528 20:04:21.257" endtime="20210528 20:04:21.326"/>
</kw>
<kw name="Clear Element Text" library="SeleniumLibrary">
<arg>xpath=//*[@id="billing_email"]</arg>
<doc>Clears the value of the text-input-element identified by ``locator``.</doc>
<status status="PASS" starttime="20210528 20:04:21.326" endtime="20210528 20:04:21.411"/>
</kw>
<kw name="Input Text" library="SeleniumLibrary">
<arg>xpath=//*[@id="billing_email"]</arg>
<arg>yes@yahoo.fr</arg>
<doc>Types the given ``text`` into the text field identified by ``locator``.</doc>
<msg timestamp="20210528 20:04:21.411" level="INFO">Typing text 'yes@yahoo.fr' into text field 'xpath=//*[@id="billing_email"]'.</msg>
<status status="PASS" starttime="20210528 20:04:21.411" endtime="20210528 20:04:21.495"/>
</kw>
<kw name="Sleep" library="BuiltIn">
<arg>10s</arg>
<doc>Pauses the test executed for the given time.</doc>
<msg timestamp="20210528 20:04:31.497" level="INFO">Slept 10 seconds</msg>
<status status="PASS" starttime="20210528 20:04:21.495" endtime="20210528 20:04:31.497"/>
</kw>
<kw name="Click Element" library="SeleniumLibrary">
<arg>xpath=//*[@id="terms"]</arg>
<doc>Click the element identified by ``locator``.</doc>
<msg timestamp="20210528 20:04:31.497" level="INFO">Clicking element 'xpath=//*[@id="terms"]'.</msg>
<status status="PASS" starttime="20210528 20:04:31.497" endtime="20210528 20:04:31.866"/>
</kw>
<kw name="Sleep" library="BuiltIn">
<arg>10s</arg>
<doc>Pauses the test executed for the given time.</doc>
<msg timestamp="20210528 20:04:41.871" level="INFO">Slept 10 seconds</msg>
<status status="PASS" starttime="20210528 20:04:31.866" endtime="20210528 20:04:41.871"/>
</kw>
<kw name="Click Element" library="SeleniumLibrary">
<arg>xpath=/html/body/div/div/div/div</arg>
<doc>Click the element identified by ``locator``.</doc>
<msg timestamp="20210528 20:04:41.871" level="INFO">Clicking element 'xpath=/html/body/div/div/div/div'.</msg>
<status status="PASS" starttime="20210528 20:04:41.871" endtime="20210528 20:04:42.187"/>
</kw>
<status status="PASS" starttime="20210528 20:04:20.508" endtime="20210528 20:04:42.187"/>
</kw>
<status status="PASS" starttime="20210528 20:04:20.508" endtime="20210528 20:04:42.187"/>
</test>
<status status="PASS" starttime="20210528 20:02:54.170" endtime="20210528 20:04:42.187"/>
</suite>
<status status="PASS" starttime="20210528 20:02:54.123" endtime="20210528 20:04:42.187"/>
</suite>
<statistics>
<total>
<stat pass="4" fail="0" skip="0">All Tests</stat>
</total>
<tag>
</tag>
<suite>
<stat pass="4" fail="0" skip="0" id="s1" name="Tests">Tests</stat>
<stat pass="4" fail="0" skip="0" id="s1-s1" name="Main">Tests.Main</stat>
</suite>
</statistics>
<errors>
</errors>
</robot>
